<?xml version="1.0" encoding="UTF-8"?>
<!-- Generated by org.testng.reporters.JUnitReportReporter -->
<testsuite skipped="0" hostname="DESKTOP-8BR4N07" name="TestNG.Create_notificate_with_Valid_data" tests="2" failures="0" timestamp="11 May 2018 07:53:58 GMT" time="114.258" errors="0">
  <testcase name="Notification_create_with_valid_data" time="64.573" classname="TestNG.Create_notificate_with_Valid_data"/>
  <testcase name="Student_Getting_notification" time="49.685" classname="TestNG.Create_notificate_with_Valid_data"/>
</testsuite> <!-- TestNG.Create_notificate_with_Valid_data -->
