<?xml version="1.0" encoding="UTF-8"?>
<!-- Generated by org.testng.reporters.JUnitReportReporter -->
<testsuite skipped="0" hostname="DESKTOP-8BR4N07" name="TestNG.Create_Notification_withinvalid_data" tests="1" failures="0" timestamp="17 Apr 2018 10:42:47 GMT" time="27.356" errors="0">
  <testcase name="Notifications" time="27.356" classname="TestNG.Create_Notification_withinvalid_data"/>
</testsuite> <!-- TestNG.Create_Notification_withinvalid_data -->
