<?xml version="1.0" encoding="UTF-8"?>
<!-- Generated by org.testng.reporters.JUnitReportReporter -->
<testsuite skipped="0" hostname="DESKTOP-8BR4N07" name="TestNG.View_Attendance" tests="1" failures="0" timestamp="11 May 2018 09:35:47 GMT" time="60.854" errors="0">
  <testcase name="Attendance_Entry" time="60.854" classname="TestNG.View_Attendance"/>
</testsuite> <!-- TestNG.View_Attendance -->
