<?xml version="1.0" encoding="UTF-8"?>
<!-- Generated by org.testng.reporters.JUnitReportReporter -->
<testsuite skipped="0" hostname="DESKTOP-8BR4N07" name="EGov_page_loading_time" tests="1" failures="0" timestamp="16 Apr 2018 09:44:37 GMT" time="15.772" errors="0">
  <testcase name="test1" time="15.772" classname="EGov_page_loading_time"/>
</testsuite> <!-- EGov_page_loading_time -->
