<?xml version="1.0" encoding="UTF-8"?>
<!-- Generated by org.testng.reporters.JUnitReportReporter -->
<testsuite skipped="0" hostname="DESKTOP-8BR4N07" name="TestNG.Create_nptificate_with_scheduleddate" tests="1" failures="0" timestamp="11 May 2018 07:12:56 GMT" time="62.269" errors="0">
  <testcase name="Notification" time="62.269" classname="TestNG.Create_nptificate_with_scheduleddate"/>
</testsuite> <!-- TestNG.Create_nptificate_with_scheduleddate -->
