<?xml version="1.0" encoding="UTF-8"?>
<!-- Generated by org.testng.reporters.JUnitReportReporter -->
<testsuite skipped="0" hostname="DESKTOP-8BR4N07" name="TestNG.Course_floating_using_UI" tests="1" failures="0" timestamp="11 May 2018 08:37:51 GMT" time="69.857" errors="0">
  <testcase name="Attendance_Entry" time="69.857" classname="TestNG.Course_floating_using_UI"/>
</testsuite> <!-- TestNG.Course_floating_using_UI -->
