<?xml version="1.0" encoding="UTF-8"?>
<!-- Generated by org.testng.reporters.JUnitReportReporter -->
<testsuite skipped="0" hostname="DESKTOP-8BR4N07" name="TestNG.Profile_update" tests="1" failures="0" timestamp="19 Apr 2018 13:21:03 GMT" time="32.520" errors="0">
  <testcase name="profile_update" time="32.520" classname="TestNG.Profile_update"/>
</testsuite> <!-- TestNG.Profile_update -->
