<?xml version="1.0" encoding="UTF-8"?>
<!-- Generated by org.testng.reporters.JUnitReportReporter -->
<testsuite skipped="0" hostname="DESKTOP-8BR4N07" name="TestNG.Result_Entry" tests="1" failures="0" timestamp="11 May 2018 09:23:53 GMT" time="70.643" errors="0">
  <testcase name="Result_Entry" time="70.643" classname="TestNG.Result_Entry"/>
</testsuite> <!-- TestNG.Result_Entry -->
