<?xml version="1.0" encoding="UTF-8"?>
<!-- Generated by org.testng.reporters.JUnitReportReporter -->
<testsuite skipped="0" hostname="DESKTOP-8BR4N07" name="Neoscript.View_Result" tests="1" failures="0" timestamp="11 May 2018 11:50:22 GMT" time="59.734" errors="0">
  <testcase name="Result_Entry" time="59.734" classname="Neoscript.View_Result"/>
</testsuite> <!-- Neoscript.View_Result -->
