<?xml version="1.0" encoding="UTF-8"?>
<!-- Generated by org.testng.reporters.JUnitReportReporter -->
<testsuite skipped="0" hostname="DESKTOP-8BR4N07" name="TestNG.Egov_login" tests="4" failures="0" timestamp="10 May 2018 13:12:13 GMT" time="87.918" errors="0">
  <testcase name="Login_Failed_because_of_invalid_userNam_invalid_pas" time="31.008" classname="TestNG.Egov_login"/>
  <testcase name="Login_Failed_because_of_invalid_userNam_valid_pass" time="30.406" classname="TestNG.Egov_login"/>
  <testcase name="Login_Failed_because_of_valid_userNam_invalid_pass" time="2.532" classname="TestNG.Egov_login"/>
  <testcase name="Login_Success_with_valid_userNam_valid_pass" time="23.972" classname="TestNG.Egov_login"/>
</testsuite> <!-- TestNG.Egov_login -->
