<?xml version="1.0" encoding="UTF-8"?>
<!-- Generated by org.testng.reporters.JUnitReportReporter -->
<testsuite skipped="0" hostname="DESKTOP-8BR4N07" name="TestNG.Annotations_order" tests="2" failures="0" timestamp="09 May 2018 11:06:58 GMT" time="0.015" errors="0">
  <testcase name="meth9" time="0.000" classname="TestNG.Annotations_order"/>
  <testcase name="meth10" time="0.015" classname="TestNG.Annotations_order"/>
</testsuite> <!-- TestNG.Annotations_order -->
