<?xml version="1.0" encoding="UTF-8"?>
<!-- Generated by org.testng.reporters.JUnitReportReporter -->
<testsuite skipped="0" hostname="DESKTOP-8BR4N07" name="TestNG.EGov_page_loading_time" tests="1" failures="0" timestamp="10 May 2018 06:03:11 GMT" time="51.578" errors="0">
  <testcase name="test1" time="51.578" classname="TestNG.EGov_page_loading_time"/>
</testsuite> <!-- TestNG.EGov_page_loading_time -->
