<?xml version="1.0" encoding="UTF-8"?>
<!-- Generated by org.testng.reporters.JUnitReportReporter -->
<testsuite skipped="0" hostname="DESKTOP-8BR4N07" name="TestNG.Practice" tests="1" failures="0" timestamp="10 May 2018 07:12:34 GMT" time="21.645" errors="0">
  <testcase name="launchSiteAndLogin" time="21.645" classname="TestNG.Practice"/>
</testsuite> <!-- TestNG.Practice -->
