<?xml version="1.0" encoding="UTF-8"?>
<!-- Generated by org.testng.reporters.JUnitReportReporter -->
<testsuite skipped="0" hostname="DESKTOP-8BR4N07" name="TestNG.Window_Handles" tests="1" failures="0" timestamp="04 May 2018 13:03:54 GMT" time="9.087" errors="0">
  <testcase name="Attendance_Entry" time="9.087" classname="TestNG.Window_Handles"/>
</testsuite> <!-- TestNG.Window_Handles -->
