<?xml version="1.0" encoding="UTF-8"?>
<!-- Generated by org.testng.reporters.JUnitReportReporter -->
<testsuite skipped="0" hostname="DESKTOP-8BR4N07" name="TestNG.Attendance_Entry" tests="1" failures="0" timestamp="23 Apr 2018 11:28:43 GMT" time="37.318" errors="0">
  <testcase name="Attendance_Entry" time="37.318" classname="TestNG.Attendance_Entry"/>
</testsuite> <!-- TestNG.Attendance_Entry -->
