<?xml version="1.0" encoding="UTF-8"?>
<!-- Generated by org.testng.reporters.JUnitReportReporter -->
<testsuite skipped="0" hostname="DESKTOP-8BR4N07" name="TestNG.Course_Upload" tests="1" failures="0" timestamp="01 May 2018 09:26:31 GMT" time="31.958" errors="0">
  <testcase name="Attendance_Entry" time="31.958" classname="TestNG.Course_Upload"/>
</testsuite> <!-- TestNG.Course_Upload -->
