<?xml version="1.0" encoding="UTF-8"?>
<!-- Generated by org.testng.reporters.JUnitReportReporter -->
<testsuite skipped="0" hostname="DESKTOP-8BR4N07" name="excel.practice" tests="1" failures="0" timestamp="11 May 2018 11:45:22 GMT" time="25.278" errors="0">
  <testcase name="m1" time="25.278" classname="excel.practice"/>
</testsuite> <!-- excel.practice -->
