<?xml version="1.0" encoding="UTF-8"?>
<!-- Generated by org.testng.reporters.JUnitReportReporter -->
<testsuite skipped="1" hostname="DESKTOP-8BR4N07" name="TestNG.Create_Notification" tests="4" failures="0" timestamp="17 Apr 2018 10:40:58 GMT" time="88.889" errors="0">
  <testcase name="Notification" time="26.073" classname="TestNG.Create_Notification"/>
  <testcase name="Student_Getting_notification" time="33.927" classname="TestNG.Create_Notification"/>
  <testcase name="create_noti_using_Email_SMS" time="28.889" classname="TestNG.Create_Notification"/>
  <testcase name="Student_Getting_notification_to_mail_SMS" classname="TestNG.Create_Notification">
    <skipped/>
  </testcase> <!-- Student_Getting_notification_to_mail_SMS -->
</testsuite> <!-- TestNG.Create_Notification -->
